2017-08-07 01:49:08 8420 [Note] Plugin 'FEDERATED' is disabled.
2017-08-07 01:49:08 8420 [Note] InnoDB: Using atomics to ref count buffer pool pages
2017-08-07 01:49:08 8420 [Note] InnoDB: The InnoDB memory heap is disabled
2017-08-07 01:49:08 8420 [Note] InnoDB: Mutexes and rw_locks use Windows interlocked functions
2017-08-07 01:49:08 8420 [Note] InnoDB: Memory barrier is not used
2017-08-07 01:49:08 8420 [Note] InnoDB: Compressed tables use zlib 1.2.3
2017-08-07 01:49:08 8420 [Note] InnoDB: Not using CPU crc32 instructions
2017-08-07 01:49:08 8420 [Note] InnoDB: Initializing buffer pool, size = 128.0M
2017-08-07 01:49:08 8420 [Note] InnoDB: Completed initialization of buffer pool
2017-08-07 01:49:08 8420 [Note] InnoDB: Highest supported file format is Barracuda.
2017-08-07 01:49:09 8420 [Note] InnoDB: 128 rollback segment(s) are active.
2017-08-07 01:49:09 8420 [Note] InnoDB: Waiting for purge to start
2017-08-07 01:49:09 8420 [Note] InnoDB: 5.6.36 started; log sequence number 1625977
2017-08-07 01:49:09 8420 [Warning] No existing UUID has been found, so we assume that this is the first time that this server has been started. Generating a new UUID: 2aa69d1b-7ac7-11e7-b8ce-1c1b0d6f4d16.
2017-08-07 01:49:09 8420 [Note] Server hostname (bind-address): '127.0.0.1'; port: 3306
2017-08-07 01:49:09 8420 [Note]   - '127.0.0.1' resolves to '127.0.0.1';
2017-08-07 01:49:09 8420 [Note] Server socket created on IP: '127.0.0.1'.
2017-08-07 01:49:09 8420 [Note] Event Scheduler: Loaded 0 events
2017-08-07 01:49:09 8420 [Note] C:\Users\aa\DOCUME~1\joooo\TPK(BY~1\Bitnami\WAMPST~1.31-\mysql\bin\mysqld.exe: ready for connections.
Version: '5.6.36'  socket: ''  port: 3306  MySQL Community Server (GPL)
2017-08-07 01:49:43 8420 [Note] C:\Users\aa\DOCUME~1\joooo\TPK(BY~1\Bitnami\WAMPST~1.31-\mysql\bin\mysqld.exe: Normal shutdown

2017-08-07 01:49:43 8420 [Note] Giving 0 client threads a chance to die gracefully
2017-08-07 01:49:43 8420 [Note] Event Scheduler: Purging the queue. 0 events
2017-08-07 01:49:43 8420 [Note] Shutting down slave threads
2017-08-07 01:49:43 8420 [Note] Forcefully disconnecting 0 remaining clients
2017-08-07 01:49:43 8420 [Note] Binlog end
2017-08-07 01:49:43 8420 [Note] Shutting down plugin 'partition'
2017-08-07 01:49:43 8420 [Note] Shutting down plugin 'PERFORMANCE_SCHEMA'
2017-08-07 01:49:43 8420 [Note] Shutting down plugin 'INNODB_SYS_DATAFILES'
2017-08-07 01:49:43 8420 [Note] Shutting down plugin 'INNODB_SYS_TABLESPACES'
2017-08-07 01:49:43 8420 [Note] Shutting down plugin 'INNODB_SYS_FOREIGN_COLS'
2017-08-07 01:49:43 8420 [Note] Shutting down plugin 'INNODB_SYS_FOREIGN'
2017-08-07 01:49:43 8420 [Note] Shutting down plugin 'INNODB_SYS_FIELDS'
2017-08-07 01:49:43 8420 [Note] Shutting down plugin 'INNODB_SYS_COLUMNS'
2017-08-07 01:49:43 8420 [Note] Shutting down plugin 'INNODB_SYS_INDEXES'
2017-08-07 01:49:43 8420 [Note] Shutting down plugin 'INNODB_SYS_TABLESTATS'
2017-08-07 01:49:43 8420 [Note] Shutting down plugin 'INNODB_SYS_TABLES'
2017-08-07 01:49:43 8420 [Note] Shutting down plugin 'INNODB_FT_INDEX_TABLE'
2017-08-07 01:49:43 8420 [Note] Shutting down plugin 'INNODB_FT_INDEX_CACHE'
2017-08-07 01:49:43 8420 [Note] Shutting down plugin 'INNODB_FT_CONFIG'
2017-08-07 01:49:43 8420 [Note] Shutting down plugin 'INNODB_FT_BEING_DELETED'
2017-08-07 01:49:43 8420 [Note] Shutting down plugin 'INNODB_FT_DELETED'
2017-08-07 01:49:43 8420 [Note] Shutting down plugin 'INNODB_FT_DEFAULT_STOPWORD'
2017-08-07 01:49:43 8420 [Note] Shutting down plugin 'INNODB_METRICS'
2017-08-07 01:49:43 8420 [Note] Shutting down plugin 'INNODB_BUFFER_POOL_STATS'
2017-08-07 01:49:43 8420 [Note] Shutting down plugin 'INNODB_BUFFER_PAGE_LRU'
2017-08-07 01:49:43 8420 [Note] Shutting down plugin 'INNODB_BUFFER_PAGE'
2017-08-07 01:49:43 8420 [Note] Shutting down plugin 'INNODB_CMP_PER_INDEX_RESET'
2017-08-07 01:49:43 8420 [Note] Shutting down plugin 'INNODB_CMP_PER_INDEX'
2017-08-07 01:49:43 8420 [Note] Shutting down plugin 'INNODB_CMPMEM_RESET'
2017-08-07 01:49:43 8420 [Note] Shutting down plugin 'INNODB_CMPMEM'
2017-08-07 01:49:43 8420 [Note] Shutting down plugin 'INNODB_CMP_RESET'
2017-08-07 01:49:43 8420 [Note] Shutting down plugin 'INNODB_CMP'
2017-08-07 01:49:43 8420 [Note] Shutting down plugin 'INNODB_LOCK_WAITS'
2017-08-07 01:49:43 8420 [Note] Shutting down plugin 'INNODB_LOCKS'
2017-08-07 01:49:43 8420 [Note] Shutting down plugin 'INNODB_TRX'
2017-08-07 01:49:43 8420 [Note] Shutting down plugin 'InnoDB'
2017-08-07 01:49:43 8420 [Note] InnoDB: FTS optimize thread exiting.
2017-08-07 01:49:43 8420 [Note] InnoDB: Starting shutdown...
2017-08-07 01:49:44 8420 [Note] InnoDB: Shutdown completed; log sequence number 1625987
2017-08-07 01:49:44 8420 [Note] Shutting down plugin 'BLACKHOLE'
2017-08-07 01:49:44 8420 [Note] Shutting down plugin 'ARCHIVE'
2017-08-07 01:49:44 8420 [Note] Shutting down plugin 'MRG_MYISAM'
2017-08-07 01:49:44 8420 [Note] Shutting down plugin 'MyISAM'
2017-08-07 01:49:44 8420 [Note] Shutting down plugin 'MEMORY'
2017-08-07 01:49:44 8420 [Note] Shutting down plugin 'CSV'
2017-08-07 01:49:44 8420 [Note] Shutting down plugin 'sha256_password'
2017-08-07 01:49:44 8420 [Note] Shutting down plugin 'mysql_old_password'
2017-08-07 01:49:44 8420 [Note] Shutting down plugin 'mysql_native_password'
2017-08-07 01:49:44 8420 [Note] Shutting down plugin 'binlog'
2017-08-07 01:49:44 8420 [Note] C:\Users\aa\DOCUME~1\joooo\TPK(BY~1\Bitnami\WAMPST~1.31-\mysql\bin\mysqld.exe: Shutdown complete

2017-08-07 01:50:32 2936 [Note] Plugin 'FEDERATED' is disabled.
2017-08-07 01:50:32 2936 [Note] InnoDB: Using atomics to ref count buffer pool pages
2017-08-07 01:50:32 2936 [Note] InnoDB: The InnoDB memory heap is disabled
2017-08-07 01:50:32 2936 [Note] InnoDB: Mutexes and rw_locks use Windows interlocked functions
2017-08-07 01:50:32 2936 [Note] InnoDB: Memory barrier is not used
2017-08-07 01:50:32 2936 [Note] InnoDB: Compressed tables use zlib 1.2.3
2017-08-07 01:50:32 2936 [Note] InnoDB: Not using CPU crc32 instructions
2017-08-07 01:50:32 2936 [Note] InnoDB: Initializing buffer pool, size = 128.0M
2017-08-07 01:50:32 2936 [Note] InnoDB: Completed initialization of buffer pool
2017-08-07 01:50:32 2936 [Note] InnoDB: Highest supported file format is Barracuda.
2017-08-07 01:50:32 2936 [Note] InnoDB: 128 rollback segment(s) are active.
2017-08-07 01:50:32 2936 [Note] InnoDB: Waiting for purge to start
2017-08-07 01:50:32 2936 [Note] InnoDB: 5.6.36 started; log sequence number 1625987
2017-08-07 01:50:32 2936 [Note] Server hostname (bind-address): '127.0.0.1'; port: 3306
2017-08-07 01:50:32 2936 [Note]   - '127.0.0.1' resolves to '127.0.0.1';
2017-08-07 01:50:32 2936 [Note] Server socket created on IP: '127.0.0.1'.
2017-08-07 01:50:32 2936 [Note] Event Scheduler: Loaded 0 events
2017-08-07 01:50:32 2936 [Note] C:\Users\aa\DOCUME~1\joooo\TPK(BY~1\Bitnami\WAMPST~1.31-\mysql\bin\mysqld.exe: ready for connections.
Version: '5.6.36'  socket: ''  port: 3306  MySQL Community Server (GPL)
2017-08-07 02:08:53 2936 [Note] C:\Users\aa\DOCUME~1\joooo\TPK(BY~1\Bitnami\WAMPST~1.31-\mysql\bin\mysqld.exe: Normal shutdown

2017-08-07 02:08:53 2936 [Note] Giving 0 client threads a chance to die gracefully
2017-08-07 02:08:53 2936 [Note] Event Scheduler: Purging the queue. 0 events
2017-08-07 02:08:53 2936 [Note] Shutting down slave threads
2017-08-07 02:08:53 2936 [Note] Forcefully disconnecting 0 remaining clients
2017-08-07 02:08:53 2936 [Note] Binlog end
2017-08-07 02:08:53 2936 [Note] Shutting down plugin 'partition'
2017-08-07 02:08:53 2936 [Note] Shutting down plugin 'PERFORMANCE_SCHEMA'
2017-08-07 02:08:53 2936 [Note] Shutting down plugin 'INNODB_SYS_DATAFILES'
2017-08-07 02:08:53 2936 [Note] Shutting down plugin 'INNODB_SYS_TABLESPACES'
2017-08-07 02:08:53 2936 [Note] Shutting down plugin 'INNODB_SYS_FOREIGN_COLS'
2017-08-07 02:08:53 2936 [Note] Shutting down plugin 'INNODB_SYS_FOREIGN'
2017-08-07 02:08:54 2936 [Note] Shutting down plugin 'INNODB_SYS_FIELDS'
2017-08-07 02:08:54 2936 [Note] Shutting down plugin 'INNODB_SYS_COLUMNS'
2017-08-07 02:08:54 2936 [Note] Shutting down plugin 'INNODB_SYS_INDEXES'
2017-08-07 02:08:54 2936 [Note] Shutting down plugin 'INNODB_SYS_TABLESTATS'
2017-08-07 02:08:54 2936 [Note] Shutting down plugin 'INNODB_SYS_TABLES'
2017-08-07 02:08:54 2936 [Note] Shutting down plugin 'INNODB_FT_INDEX_TABLE'
2017-08-07 02:08:54 2936 [Note] Shutting down plugin 'INNODB_FT_INDEX_CACHE'
2017-08-07 02:08:54 2936 [Note] Shutting down plugin 'INNODB_FT_CONFIG'
2017-08-07 02:08:54 2936 [Note] Shutting down plugin 'INNODB_FT_BEING_DELETED'
2017-08-07 02:08:54 2936 [Note] Shutting down plugin 'INNODB_FT_DELETED'
2017-08-07 02:08:54 2936 [Note] Shutting down plugin 'INNODB_FT_DEFAULT_STOPWORD'
2017-08-07 02:08:54 2936 [Note] Shutting down plugin 'INNODB_METRICS'
2017-08-07 02:08:54 2936 [Note] Shutting down plugin 'INNODB_BUFFER_POOL_STATS'
2017-08-07 02:08:54 2936 [Note] Shutting down plugin 'INNODB_BUFFER_PAGE_LRU'
2017-08-07 02:08:54 2936 [Note] Shutting down plugin 'INNODB_BUFFER_PAGE'
2017-08-07 02:08:54 2936 [Note] Shutting down plugin 'INNODB_CMP_PER_INDEX_RESET'
2017-08-07 02:08:54 2936 [Note] Shutting down plugin 'INNODB_CMP_PER_INDEX'
2017-08-07 02:08:54 2936 [Note] Shutting down plugin 'INNODB_CMPMEM_RESET'
2017-08-07 02:08:54 2936 [Note] Shutting down plugin 'INNODB_CMPMEM'
2017-08-07 02:08:54 2936 [Note] Shutting down plugin 'INNODB_CMP_RESET'
2017-08-07 02:08:54 2936 [Note] Shutting down plugin 'INNODB_CMP'
2017-08-07 02:08:54 2936 [Note] Shutting down plugin 'INNODB_LOCK_WAITS'
2017-08-07 02:08:54 2936 [Note] Shutting down plugin 'INNODB_LOCKS'
2017-08-07 02:08:54 2936 [Note] Shutting down plugin 'INNODB_TRX'
2017-08-07 02:08:54 2936 [Note] Shutting down plugin 'InnoDB'
2017-08-07 02:08:54 2936 [Note] InnoDB: FTS optimize thread exiting.
2017-08-07 02:08:54 2936 [Note] InnoDB: Starting shutdown...
2017-08-07 02:08:54 2936 [Note] InnoDB: Shutdown completed; log sequence number 1625997
2017-08-07 02:08:54 2936 [Note] Shutting down plugin 'BLACKHOLE'
2017-08-07 02:08:54 2936 [Note] Shutting down plugin 'ARCHIVE'
2017-08-07 02:08:54 2936 [Note] Shutting down plugin 'MRG_MYISAM'
2017-08-07 02:08:54 2936 [Note] Shutting down plugin 'MyISAM'
2017-08-07 02:08:54 2936 [Note] Shutting down plugin 'MEMORY'
2017-08-07 02:08:54 2936 [Note] Shutting down plugin 'CSV'
2017-08-07 02:08:54 2936 [Note] Shutting down plugin 'sha256_password'
2017-08-07 02:08:54 2936 [Note] Shutting down plugin 'mysql_old_password'
2017-08-07 02:08:54 2936 [Note] Shutting down plugin 'mysql_native_password'
2017-08-07 02:08:54 2936 [Note] Shutting down plugin 'binlog'
2017-08-07 02:08:54 2936 [Note] C:\Users\aa\DOCUME~1\joooo\TPK(BY~1\Bitnami\WAMPST~1.31-\mysql\bin\mysqld.exe: Shutdown complete

2017-08-07 02:08:55 6360 [Note] Plugin 'FEDERATED' is disabled.
2017-08-07 02:08:55 6360 [Note] InnoDB: Using atomics to ref count buffer pool pages
2017-08-07 02:08:55 6360 [Note] InnoDB: The InnoDB memory heap is disabled
2017-08-07 02:08:55 6360 [Note] InnoDB: Mutexes and rw_locks use Windows interlocked functions
2017-08-07 02:08:55 6360 [Note] InnoDB: Memory barrier is not used
2017-08-07 02:08:55 6360 [Note] InnoDB: Compressed tables use zlib 1.2.3
2017-08-07 02:08:55 6360 [Note] InnoDB: Not using CPU crc32 instructions
2017-08-07 02:08:55 6360 [Note] InnoDB: Initializing buffer pool, size = 128.0M
2017-08-07 02:08:55 6360 [Note] InnoDB: Completed initialization of buffer pool
2017-08-07 02:08:55 6360 [Note] InnoDB: Highest supported file format is Barracuda.
2017-08-07 02:08:55 6360 [Note] InnoDB: 128 rollback segment(s) are active.
2017-08-07 02:08:55 6360 [Note] InnoDB: Waiting for purge to start
2017-08-07 02:08:55 6360 [Note] InnoDB: 5.6.36 started; log sequence number 1625997
2017-08-07 02:08:55 6360 [Note] Server hostname (bind-address): '127.0.0.1'; port: 3306
2017-08-07 02:08:55 6360 [Note]   - '127.0.0.1' resolves to '127.0.0.1';
2017-08-07 02:08:55 6360 [Note] Server socket created on IP: '127.0.0.1'.
2017-08-07 02:08:55 6360 [Note] Event Scheduler: Loaded 0 events
2017-08-07 02:08:55 6360 [Note] C:\Users\aa\DOCUME~1\joooo\TPK(BY~1\Bitnami\WAMPST~1.31-\mysql\bin\mysqld.exe: ready for connections.
Version: '5.6.36'  socket: ''  port: 3306  MySQL Community Server (GPL)
2017-08-07 02:12:12 6360 [Note] C:\Users\aa\DOCUME~1\joooo\TPK(BY~1\Bitnami\WAMPST~1.31-\mysql\bin\mysqld.exe: Normal shutdown

2017-08-07 02:12:12 6360 [Note] Giving 0 client threads a chance to die gracefully
2017-08-07 02:12:12 6360 [Note] Event Scheduler: Purging the queue. 0 events
2017-08-07 02:12:12 6360 [Note] Shutting down slave threads
2017-08-07 02:12:12 6360 [Note] Forcefully disconnecting 0 remaining clients
2017-08-07 02:12:12 6360 [Note] Binlog end
2017-08-07 02:12:12 6360 [Note] Shutting down plugin 'partition'
2017-08-07 02:12:12 6360 [Note] Shutting down plugin 'PERFORMANCE_SCHEMA'
2017-08-07 02:12:12 6360 [Note] Shutting down plugin 'INNODB_SYS_DATAFILES'
2017-08-07 02:12:12 6360 [Note] Shutting down plugin 'INNODB_SYS_TABLESPACES'
2017-08-07 02:12:12 6360 [Note] Shutting down plugin 'INNODB_SYS_FOREIGN_COLS'
2017-08-07 02:12:12 6360 [Note] Shutting down plugin 'INNODB_SYS_FOREIGN'
2017-08-07 02:12:12 6360 [Note] Shutting down plugin 'INNODB_SYS_FIELDS'
2017-08-07 02:12:12 6360 [Note] Shutting down plugin 'INNODB_SYS_COLUMNS'
2017-08-07 02:12:12 6360 [Note] Shutting down plugin 'INNODB_SYS_INDEXES'
2017-08-07 02:12:12 6360 [Note] Shutting down plugin 'INNODB_SYS_TABLESTATS'
2017-08-07 02:12:12 6360 [Note] Shutting down plugin 'INNODB_SYS_TABLES'
2017-08-07 02:12:12 6360 [Note] Shutting down plugin 'INNODB_FT_INDEX_TABLE'
2017-08-07 02:12:12 6360 [Note] Shutting down plugin 'INNODB_FT_INDEX_CACHE'
2017-08-07 02:12:12 6360 [Note] Shutting down plugin 'INNODB_FT_CONFIG'
2017-08-07 02:12:12 6360 [Note] Shutting down plugin 'INNODB_FT_BEING_DELETED'
2017-08-07 02:12:12 6360 [Note] Shutting down plugin 'INNODB_FT_DELETED'
2017-08-07 02:12:12 6360 [Note] Shutting down plugin 'INNODB_FT_DEFAULT_STOPWORD'
2017-08-07 02:12:12 6360 [Note] Shutting down plugin 'INNODB_METRICS'
2017-08-07 02:12:12 6360 [Note] Shutting down plugin 'INNODB_BUFFER_POOL_STATS'
2017-08-07 02:12:12 6360 [Note] Shutting down plugin 'INNODB_BUFFER_PAGE_LRU'
2017-08-07 02:12:12 6360 [Note] Shutting down plugin 'INNODB_BUFFER_PAGE'
2017-08-07 02:12:12 6360 [Note] Shutting down plugin 'INNODB_CMP_PER_INDEX_RESET'
2017-08-07 02:12:12 6360 [Note] Shutting down plugin 'INNODB_CMP_PER_INDEX'
2017-08-07 02:12:12 6360 [Note] Shutting down plugin 'INNODB_CMPMEM_RESET'
2017-08-07 02:12:12 6360 [Note] Shutting down plugin 'INNODB_CMPMEM'
2017-08-07 02:12:12 6360 [Note] Shutting down plugin 'INNODB_CMP_RESET'
2017-08-07 02:12:12 6360 [Note] Shutting down plugin 'INNODB_CMP'
2017-08-07 02:12:12 6360 [Note] Shutting down plugin 'INNODB_LOCK_WAITS'
2017-08-07 02:12:12 6360 [Note] Shutting down plugin 'INNODB_LOCKS'
2017-08-07 02:12:12 6360 [Note] Shutting down plugin 'INNODB_TRX'
2017-08-07 02:12:12 6360 [Note] Shutting down plugin 'InnoDB'
2017-08-07 02:12:12 6360 [Note] InnoDB: FTS optimize thread exiting.
2017-08-07 02:12:12 6360 [Note] InnoDB: Starting shutdown...
2017-08-07 02:12:13 6360 [Note] InnoDB: Shutdown completed; log sequence number 1626007
2017-08-07 02:12:13 6360 [Note] Shutting down plugin 'BLACKHOLE'
2017-08-07 02:12:13 6360 [Note] Shutting down plugin 'ARCHIVE'
2017-08-07 02:12:13 6360 [Note] Shutting down plugin 'MRG_MYISAM'
2017-08-07 02:12:13 6360 [Note] Shutting down plugin 'MyISAM'
2017-08-07 02:12:13 6360 [Note] Shutting down plugin 'MEMORY'
2017-08-07 02:12:13 6360 [Note] Shutting down plugin 'CSV'
2017-08-07 02:12:13 6360 [Note] Shutting down plugin 'sha256_password'
2017-08-07 02:12:13 6360 [Note] Shutting down plugin 'mysql_old_password'
2017-08-07 02:12:13 6360 [Note] Shutting down plugin 'mysql_native_password'
2017-08-07 02:12:13 6360 [Note] Shutting down plugin 'binlog'
2017-08-07 02:12:13 6360 [Note] C:\Users\aa\DOCUME~1\joooo\TPK(BY~1\Bitnami\WAMPST~1.31-\mysql\bin\mysqld.exe: Shutdown complete

2017-08-07 02:12:13 11604 [Note] Plugin 'FEDERATED' is disabled.
2017-08-07 02:12:13 11604 [Note] InnoDB: Using atomics to ref count buffer pool pages
2017-08-07 02:12:13 11604 [Note] InnoDB: The InnoDB memory heap is disabled
2017-08-07 02:12:13 11604 [Note] InnoDB: Mutexes and rw_locks use Windows interlocked functions
2017-08-07 02:12:13 11604 [Note] InnoDB: Memory barrier is not used
2017-08-07 02:12:13 11604 [Note] InnoDB: Compressed tables use zlib 1.2.3
2017-08-07 02:12:13 11604 [Note] InnoDB: Not using CPU crc32 instructions
2017-08-07 02:12:13 11604 [Note] InnoDB: Initializing buffer pool, size = 128.0M
2017-08-07 02:12:13 11604 [Note] InnoDB: Completed initialization of buffer pool
2017-08-07 02:12:13 11604 [Note] InnoDB: Highest supported file format is Barracuda.
2017-08-07 02:12:13 11604 [Note] InnoDB: 128 rollback segment(s) are active.
2017-08-07 02:12:13 11604 [Note] InnoDB: Waiting for purge to start
2017-08-07 02:12:14 11604 [Note] InnoDB: 5.6.36 started; log sequence number 1626007
2017-08-07 02:12:14 11604 [Note] Server hostname (bind-address): '127.0.0.1'; port: 3306
2017-08-07 02:12:14 11604 [Note]   - '127.0.0.1' resolves to '127.0.0.1';
2017-08-07 02:12:14 11604 [Note] Server socket created on IP: '127.0.0.1'.
2017-08-07 02:12:14 11604 [Note] Event Scheduler: Loaded 0 events
2017-08-07 02:12:14 11604 [Note] C:\Users\aa\DOCUME~1\joooo\TPK(BY~1\Bitnami\WAMPST~1.31-\mysql\bin\mysqld.exe: ready for connections.
Version: '5.6.36'  socket: ''  port: 3306  MySQL Community Server (GPL)
2017-08-07 11:04:54 3384 [Note] Plugin 'FEDERATED' is disabled.
2017-08-07 11:04:54 3384 [Note] InnoDB: Using atomics to ref count buffer pool pages
2017-08-07 11:04:54 3384 [Note] InnoDB: The InnoDB memory heap is disabled
2017-08-07 11:04:54 3384 [Note] InnoDB: Mutexes and rw_locks use Windows interlocked functions
2017-08-07 11:04:54 3384 [Note] InnoDB: Memory barrier is not used
2017-08-07 11:04:54 3384 [Note] InnoDB: Compressed tables use zlib 1.2.3
2017-08-07 11:04:54 3384 [Note] InnoDB: Not using CPU crc32 instructions
2017-08-07 11:04:54 3384 [Note] InnoDB: Initializing buffer pool, size = 128.0M
2017-08-07 11:04:54 3384 [Note] InnoDB: Completed initialization of buffer pool
2017-08-07 11:04:54 3384 [Note] InnoDB: Highest supported file format is Barracuda.
2017-08-07 11:04:54 3384 [Note] InnoDB: The log sequence numbers 1626007 and 1626007 in ibdata files do not match the log sequence number 1626017 in the ib_logfiles!
2017-08-07 11:04:54 3384 [Note] InnoDB: Database was not shutdown normally!
2017-08-07 11:04:54 3384 [Note] InnoDB: Starting crash recovery.
2017-08-07 11:04:54 3384 [Note] InnoDB: Reading tablespace information from the .ibd files...
2017-08-07 11:04:54 3384 [Note] InnoDB: Restoring possible half-written data pages 
2017-08-07 11:04:54 3384 [Note] InnoDB: from the doublewrite buffer...
2017-08-07 11:04:54 3384 [Note] InnoDB: 128 rollback segment(s) are active.
2017-08-07 11:04:54 3384 [Note] InnoDB: Waiting for purge to start
2017-08-07 11:04:54 3384 [Note] InnoDB: 5.6.36 started; log sequence number 1626017
2017-08-07 11:04:54 3384 [Note] Server hostname (bind-address): '127.0.0.1'; port: 3306
2017-08-07 11:04:54 3384 [Note]   - '127.0.0.1' resolves to '127.0.0.1';
2017-08-07 11:04:54 3384 [Note] Server socket created on IP: '127.0.0.1'.
2017-08-07 11:04:54 3384 [Note] Event Scheduler: Loaded 0 events
2017-08-07 11:04:54 3384 [Note] C:\Users\aa\DOCUME~1\joooo\TPK(BY~1\Bitnami\WAMPST~1.31-\mysql\bin\mysqld.exe: ready for connections.
Version: '5.6.36'  socket: ''  port: 3306  MySQL Community Server (GPL)
2017-08-10 17:43:32 3384 [Note] C:\Users\aa\DOCUME~1\joooo\TPK(BY~1\Bitnami\WAMPST~1.31-\mysql\bin\mysqld.exe: Normal shutdown

2017-08-10 17:43:32 3384 [Note] Giving 0 client threads a chance to die gracefully
2017-08-10 17:43:32 3384 [Note] Event Scheduler: Purging the queue. 0 events
2017-08-10 17:43:32 3384 [Note] Shutting down slave threads
2017-08-10 17:43:32 3384 [Note] Forcefully disconnecting 0 remaining clients
2017-08-10 17:43:32 3384 [Note] Binlog end
2017-08-10 17:43:32 3384 [Note] Shutting down plugin 'partition'
2017-08-10 17:43:32 3384 [Note] Shutting down plugin 'PERFORMANCE_SCHEMA'
2017-08-10 17:43:32 3384 [Note] Shutting down plugin 'INNODB_SYS_DATAFILES'
2017-08-10 17:43:32 3384 [Note] Shutting down plugin 'INNODB_SYS_TABLESPACES'
2017-08-10 17:43:32 3384 [Note] Shutting down plugin 'INNODB_SYS_FOREIGN_COLS'
2017-08-10 17:43:32 3384 [Note] Shutting down plugin 'INNODB_SYS_FOREIGN'
2017-08-10 17:43:32 3384 [Note] Shutting down plugin 'INNODB_SYS_FIELDS'
2017-08-10 17:43:32 3384 [Note] Shutting down plugin 'INNODB_SYS_COLUMNS'
2017-08-10 17:43:32 3384 [Note] Shutting down plugin 'INNODB_SYS_INDEXES'
2017-08-10 17:43:32 3384 [Note] Shutting down plugin 'INNODB_SYS_TABLESTATS'
2017-08-10 17:43:32 3384 [Note] Shutting down plugin 'INNODB_SYS_TABLES'
2017-08-10 17:43:32 3384 [Note] Shutting down plugin 'INNODB_FT_INDEX_TABLE'
2017-08-10 17:43:32 3384 [Note] Shutting down plugin 'INNODB_FT_INDEX_CACHE'
2017-08-10 17:43:32 3384 [Note] Shutting down plugin 'INNODB_FT_CONFIG'
2017-08-10 17:43:32 3384 [Note] Shutting down plugin 'INNODB_FT_BEING_DELETED'
2017-08-10 17:43:32 3384 [Note] Shutting down plugin 'INNODB_FT_DELETED'
2017-08-10 17:43:32 3384 [Note] Shutting down plugin 'INNODB_FT_DEFAULT_STOPWORD'
2017-08-10 17:43:32 3384 [Note] Shutting down plugin 'INNODB_METRICS'
2017-08-10 17:43:32 3384 [Note] Shutting down plugin 'INNODB_BUFFER_POOL_STATS'
2017-08-10 17:43:32 3384 [Note] Shutting down plugin 'INNODB_BUFFER_PAGE_LRU'
2017-08-10 17:43:32 3384 [Note] Shutting down plugin 'INNODB_BUFFER_PAGE'
2017-08-10 17:43:32 3384 [Note] Shutting down plugin 'INNODB_CMP_PER_INDEX_RESET'
2017-08-10 17:43:32 3384 [Note] Shutting down plugin 'INNODB_CMP_PER_INDEX'
2017-08-10 17:43:32 3384 [Note] Shutting down plugin 'INNODB_CMPMEM_RESET'
2017-08-10 17:43:32 3384 [Note] Shutting down plugin 'INNODB_CMPMEM'
2017-08-10 17:43:32 3384 [Note] Shutting down plugin 'INNODB_CMP_RESET'
2017-08-10 17:43:32 3384 [Note] Shutting down plugin 'INNODB_CMP'
2017-08-10 17:43:32 3384 [Note] Shutting down plugin 'INNODB_LOCK_WAITS'
2017-08-10 17:43:32 3384 [Note] Shutting down plugin 'INNODB_LOCKS'
2017-08-10 17:43:32 3384 [Note] Shutting down plugin 'INNODB_TRX'
2017-08-10 17:43:32 3384 [Note] Shutting down plugin 'InnoDB'
2017-08-10 17:43:32 3384 [Note] InnoDB: FTS optimize thread exiting.
2017-08-10 17:43:32 3384 [Note] InnoDB: Starting shutdown...
2017-08-10 17:43:32 3384 [Note] InnoDB: Shutdown completed; log sequence number 1626027
2017-08-10 17:43:32 3384 [Note] Shutting down plugin 'BLACKHOLE'
2017-08-10 17:43:32 3384 [Note] Shutting down plugin 'ARCHIVE'
2017-08-10 17:43:32 3384 [Note] Shutting down plugin 'MRG_MYISAM'
2017-08-10 17:43:32 3384 [Note] Shutting down plugin 'MyISAM'
2017-08-10 17:43:32 3384 [Note] Shutting down plugin 'MEMORY'
2017-08-10 17:43:32 3384 [Note] Shutting down plugin 'CSV'
2017-08-10 17:43:32 3384 [Note] Shutting down plugin 'sha256_password'
2017-08-10 17:43:32 3384 [Note] Shutting down plugin 'mysql_old_password'
2017-08-10 17:43:32 3384 [Note] Shutting down plugin 'mysql_native_password'
2017-08-10 17:43:32 3384 [Note] Shutting down plugin 'binlog'
2017-08-10 17:43:32 3384 [Note] C:\Users\aa\DOCUME~1\joooo\TPK(BY~1\Bitnami\WAMPST~1.31-\mysql\bin\mysqld.exe: Shutdown complete

2017-08-10 17:43:56 3208 [Note] Plugin 'FEDERATED' is disabled.
2017-08-10 17:43:56 3208 [Note] InnoDB: Using atomics to ref count buffer pool pages
2017-08-10 17:43:56 3208 [Note] InnoDB: The InnoDB memory heap is disabled
2017-08-10 17:43:56 3208 [Note] InnoDB: Mutexes and rw_locks use Windows interlocked functions
2017-08-10 17:43:56 3208 [Note] InnoDB: Memory barrier is not used
2017-08-10 17:43:56 3208 [Note] InnoDB: Compressed tables use zlib 1.2.3
2017-08-10 17:43:56 3208 [Note] InnoDB: Not using CPU crc32 instructions
2017-08-10 17:43:57 3208 [Note] InnoDB: Initializing buffer pool, size = 128.0M
2017-08-10 17:43:57 3208 [Note] InnoDB: Completed initialization of buffer pool
2017-08-10 17:43:57 3208 [Note] InnoDB: Highest supported file format is Barracuda.
2017-08-10 17:43:57 3208 [Note] InnoDB: 128 rollback segment(s) are active.
2017-08-10 17:43:57 3208 [Note] InnoDB: Waiting for purge to start
2017-08-10 17:43:57 3208 [Note] InnoDB: 5.6.36 started; log sequence number 1626027
2017-08-10 17:43:57 3208 [Note] Server hostname (bind-address): '127.0.0.1'; port: 3306
2017-08-10 17:43:57 3208 [Note]   - '127.0.0.1' resolves to '127.0.0.1';
2017-08-10 17:43:57 3208 [Note] Server socket created on IP: '127.0.0.1'.
2017-08-10 17:43:57 3208 [Note] Event Scheduler: Loaded 0 events
2017-08-10 17:43:57 3208 [Note] C:\Users\aa\DOCUME~1\joooo\TPK(BY~1\Bitnami\WAMPST~1.31-\mysql\bin\mysqld.exe: ready for connections.
Version: '5.6.36'  socket: ''  port: 3306  MySQL Community Server (GPL)
